Baseline Model Training - LSTM
Task: 2, nchar: 2
Model info: {'model_type': 'LSTM', 'nchar': 2, 'nhid': 10, 'nlayers': 1, 'total_params': 922, 'trainable_params': 922}
Configuration: TrainingConfig(
  lr=0.1, lr_decay=0.5, lr_min=1e-05
  nepoch=100, nseq=2000, nmax=50
  curriculum=True, start=3
  bptt=50, nreset=1000
  seed=42, device=cpu
)


======================================================================
Starting training: LSTM on Task 2
======================================================================

  [Curriculum] Epoch 0: nmax = 50
Epoch   0 | Train Loss: 0.0982 | Val Loss: 0.0000 | Val Acc: 0.0000 | Time: 6.57s | LR: 1.00e-01
  [Curriculum] Epoch 1: nmax = 50
Epoch   1 | Train Loss: 0.0936 | Val Loss: 0.0000 | Val Acc: 0.0000 | Time: 6.60s | LR: 1.00e-01
  [Curriculum] Epoch 2: nmax = 50
Epoch   2 | Train Loss: 0.0989 | Val Loss: 0.0000 | Val Acc: 0.0000 | Time: 6.39s | LR: 1.00e-01
  [Curriculum] Epoch 3: nmax = 50
Epoch   3 | Train Loss: 0.0973 | Val Loss: 0.0000 | Val Acc: 0.0000 | Time: 6.62s | LR: 1.00e-01
  [Curriculum] Epoch 4: nmax = 50
Epoch   4 | Train Loss: 0.0976 | Val Loss: 0.0000 | Val Acc: 0.0000 | Time: 6.54s | LR: 1.00e-01
  [Curriculum] Epoch 5: nmax = 50
Epoch   5 | Train Loss: 0.1007 | Val Loss: 0.0000 | Val Acc: 0.0000 | Time: 6.24s | LR: 1.00e-01
  [Curriculum] Epoch 6: nmax = 50
Epoch   6 | Train Loss: 0.0981 | Val Loss: 0.0000 | Val Acc: 0.0000 | Time: 6.32s | LR: 1.00e-01
  [Curriculum] Epoch 7: nmax = 50
Epoch   7 | Train Loss: 0.0926 | Val Loss: 0.0000 | Val Acc: 0.0000 | Time: 6.49s | LR: 5.00e-02
  [Curriculum] Epoch 8: nmax = 50
Epoch   8 | Train Loss: 0.0954 | Val Loss: 0.0000 | Val Acc: 0.0000 | Time: 6.54s | LR: 5.00e-02
  [Curriculum] Epoch 9: nmax = 50
Epoch   9 | Train Loss: 0.0938 | Val Loss: 0.0000 | Val Acc: 0.0000 | Time: 7.95s | LR: 5.00e-02
  [Curriculum] Epoch 10: nmax = 50
Epoch  10 | Train Loss: 0.0922 | Val Loss: 0.0000 | Val Acc: 0.0000 | Time: 7.45s | LR: 5.00e-02
  [Curriculum] Epoch 11: nmax = 50
Epoch  11 | Train Loss: 0.0958 | Val Loss: 0.0000 | Val Acc: 0.0000 | Time: 8.61s | LR: 5.00e-02
  [Curriculum] Epoch 12: nmax = 50
Epoch  12 | Train Loss: 0.0958 | Val Loss: 0.0000 | Val Acc: 0.0000 | Time: 7.22s | LR: 5.00e-02
  [Curriculum] Epoch 13: nmax = 50
Epoch  13 | Train Loss: 0.0917 | Val Loss: 0.0000 | Val Acc: 0.0000 | Time: 6.96s | LR: 2.50e-02
  [Curriculum] Epoch 14: nmax = 50
Epoch  14 | Train Loss: 0.0945 | Val Loss: 0.0000 | Val Acc: 0.0000 | Time: 6.35s | LR: 2.50e-02
Epoch  15 | Train Loss: 0.0939 | Val Loss: 0.0000 | Val Acc: 0.0000 | Time: 6.26s | LR: 2.50e-02
Epoch  16 | Train Loss: 0.0921 | Val Loss: 0.0000 | Val Acc: 0.0000 | Time: 6.41s | LR: 2.50e-02
Epoch  17 | Train Loss: 0.0933 | Val Loss: 0.0000 | Val Acc: 0.0000 | Time: 6.50s | LR: 2.50e-02
Epoch  18 | Train Loss: 0.0950 | Val Loss: 0.0000 | Val Acc: 0.0000 | Time: 6.41s | LR: 2.50e-02
Epoch  19 | Train Loss: 0.0905 | Val Loss: 0.0000 | Val Acc: 0.0000 | Time: 7.68s | LR: 1.25e-02
Epoch  20 | Train Loss: 0.0930 | Val Loss: 0.0000 | Val Acc: 0.0000 | Time: 6.36s | LR: 1.25e-02

  → No improvement for 20 epochs, stopping training

Best model saved to results/baseline_lstm_task2_seed42/model_lstm_ntask2_nchar2_seed42.pt
Best Val Loss: 0.0000, Best Val Acc: 0.0000

Training completed!
