Baseline Model Training - TRANSFORMER
Task: 7, nchar: 5
Model info: {'model_type': 'Transformer', 'nchar': 5, 'nhid': 64, 'nhead': 4, 'nlayers': 2, 'total_params': 100613, 'trainable_params': 100613}
Configuration: TrainingConfig(
  lr=0.1, lr_decay=0.5, lr_min=1e-05
  nepoch=100, nseq=2000, nmax=15
  curriculum=True, start=3
  bptt=50, nreset=1000
  seed=42, device=cpu
)


======================================================================
Starting training: TRANSFORMER on Task 7
======================================================================

  [Curriculum] Epoch 0: nmax = 15
Epoch   0 | Train Loss: 1.2873 | Val Loss: 1.1948 | Val Acc: 0.4686 | Time: 5.76s | LR: 1.00e-01
  [Curriculum] Epoch 1: nmax = 15
Epoch   1 | Train Loss: 1.2754 | Val Loss: 1.2099 | Val Acc: 0.4686 | Time: 5.67s | LR: 1.00e-01
  [Curriculum] Epoch 2: nmax = 15
Epoch   2 | Train Loss: 1.2822 | Val Loss: 1.2078 | Val Acc: 0.4686 | Time: 5.63s | LR: 1.00e-01
  [Curriculum] Epoch 3: nmax = 15
Epoch   3 | Train Loss: 1.2787 | Val Loss: 1.1652 | Val Acc: 0.4644 | Time: 5.66s | LR: 1.00e-01
  [Curriculum] Epoch 4: nmax = 15
Epoch   4 | Train Loss: 1.2120 | Val Loss: 1.1554 | Val Acc: 0.4644 | Time: 5.65s | LR: 1.00e-01
  [Curriculum] Epoch 5: nmax = 15
Epoch   5 | Train Loss: 1.2219 | Val Loss: 1.1424 | Val Acc: 0.4644 | Time: 5.68s | LR: 1.00e-01
  [Curriculum] Epoch 6: nmax = 15
Epoch   6 | Train Loss: 1.2064 | Val Loss: 1.1990 | Val Acc: 0.4644 | Time: 5.91s | LR: 1.00e-01
  [Curriculum] Epoch 7: nmax = 15
Epoch   7 | Train Loss: 1.2014 | Val Loss: 1.1776 | Val Acc: 0.4686 | Time: 5.64s | LR: 1.00e-01
  [Curriculum] Epoch 8: nmax = 15
Epoch   8 | Train Loss: 1.1998 | Val Loss: 1.1688 | Val Acc: 0.4284 | Time: 5.67s | LR: 1.00e-01
  [Curriculum] Epoch 9: nmax = 15
Epoch   9 | Train Loss: 1.1903 | Val Loss: 1.1661 | Val Acc: 0.4736 | Time: 5.65s | LR: 1.00e-01
  [Curriculum] Epoch 10: nmax = 15
Epoch  10 | Train Loss: 1.1893 | Val Loss: 1.1774 | Val Acc: 0.4736 | Time: 5.62s | LR: 1.00e-01
  [Curriculum] Epoch 11: nmax = 15
Epoch  11 | Train Loss: 1.1861 | Val Loss: 1.1349 | Val Acc: 0.4736 | Time: 5.74s | LR: 1.00e-01
  [Curriculum] Epoch 12: nmax = 15
Epoch  12 | Train Loss: 1.1846 | Val Loss: 1.1382 | Val Acc: 0.4078 | Time: 5.77s | LR: 1.00e-01
  [Curriculum] Epoch 13: nmax = 16
Epoch  13 | Train Loss: 1.1715 | Val Loss: 1.1821 | Val Acc: 0.3949 | Time: 5.66s | LR: 1.00e-01
  [Curriculum] Epoch 14: nmax = 17
Epoch  14 | Train Loss: 1.1663 | Val Loss: 1.1146 | Val Acc: 0.4404 | Time: 5.69s | LR: 1.00e-01
Epoch  15 | Train Loss: 1.1507 | Val Loss: 1.0699 | Val Acc: 0.4694 | Time: 5.77s | LR: 1.00e-01
Epoch  16 | Train Loss: 1.1404 | Val Loss: 1.0671 | Val Acc: 0.4712 | Time: 5.83s | LR: 1.00e-01
Epoch  17 | Train Loss: 1.1096 | Val Loss: 1.0106 | Val Acc: 0.4736 | Time: 5.94s | LR: 1.00e-01
Epoch  18 | Train Loss: 1.0873 | Val Loss: 1.0614 | Val Acc: 0.4774 | Time: 5.82s | LR: 1.00e-01
Epoch  19 | Train Loss: 1.0921 | Val Loss: 1.0045 | Val Acc: 0.4733 | Time: 5.87s | LR: 1.00e-01
Epoch  20 | Train Loss: 1.0772 | Val Loss: 0.9955 | Val Acc: 0.4751 | Time: 5.90s | LR: 1.00e-01
Epoch  21 | Train Loss: 1.0691 | Val Loss: 0.9840 | Val Acc: 0.4798 | Time: 5.92s | LR: 1.00e-01
Epoch  22 | Train Loss: 1.0532 | Val Loss: 1.0006 | Val Acc: 0.4753 | Time: 5.92s | LR: 1.00e-01
Epoch  23 | Train Loss: 1.0562 | Val Loss: 0.9845 | Val Acc: 0.4722 | Time: 6.06s | LR: 1.00e-01
Epoch  24 | Train Loss: 1.0352 | Val Loss: 0.9849 | Val Acc: 0.4789 | Time: 6.10s | LR: 1.00e-01
Epoch  25 | Train Loss: 1.0354 | Val Loss: 0.9591 | Val Acc: 0.4800 | Time: 6.18s | LR: 1.00e-01
Epoch  26 | Train Loss: 1.0437 | Val Loss: 1.0046 | Val Acc: 0.4799 | Time: 6.36s | LR: 1.00e-01
Epoch  27 | Train Loss: 1.0463 | Val Loss: 1.1659 | Val Acc: 0.3896 | Time: 6.36s | LR: 1.00e-01
Epoch  28 | Train Loss: 1.0411 | Val Loss: 1.0539 | Val Acc: 0.4817 | Time: 6.31s | LR: 1.00e-01
Epoch  29 | Train Loss: 1.0394 | Val Loss: 0.9594 | Val Acc: 0.4816 | Time: 6.34s | LR: 1.00e-01
Epoch  30 | Train Loss: 1.0271 | Val Loss: 0.9892 | Val Acc: 0.4312 | Time: 6.37s | LR: 1.00e-01
Epoch  31 | Train Loss: 1.0151 | Val Loss: 0.9640 | Val Acc: 0.4818 | Time: 6.44s | LR: 1.00e-01
Epoch  32 | Train Loss: 0.9695 | Val Loss: 0.9812 | Val Acc: 0.4766 | Time: 6.49s | LR: 5.00e-02
Epoch  33 | Train Loss: 0.9679 | Val Loss: 1.0274 | Val Acc: 0.4393 | Time: 6.53s | LR: 5.00e-02
Epoch  34 | Train Loss: 0.9645 | Val Loss: 0.9475 | Val Acc: 0.4785 | Time: 6.58s | LR: 5.00e-02
Epoch  35 | Train Loss: 0.9556 | Val Loss: 0.9799 | Val Acc: 0.4895 | Time: 6.55s | LR: 5.00e-02
Epoch  36 | Train Loss: 0.9590 | Val Loss: 0.9223 | Val Acc: 0.4615 | Time: 6.97s | LR: 5.00e-02
Epoch  37 | Train Loss: 0.9535 | Val Loss: 0.9489 | Val Acc: 0.4907 | Time: 6.71s | LR: 5.00e-02
Epoch  38 | Train Loss: 0.9456 | Val Loss: 0.9679 | Val Acc: 0.4629 | Time: 6.72s | LR: 5.00e-02
Epoch  39 | Train Loss: 0.9406 | Val Loss: 0.9165 | Val Acc: 0.4858 | Time: 6.85s | LR: 5.00e-02
Epoch  40 | Train Loss: 0.9352 | Val Loss: 0.9147 | Val Acc: 0.4909 | Time: 6.83s | LR: 5.00e-02
Epoch  41 | Train Loss: 0.9365 | Val Loss: 0.9345 | Val Acc: 0.4824 | Time: 6.96s | LR: 5.00e-02
Epoch  42 | Train Loss: 0.9290 | Val Loss: 0.9793 | Val Acc: 0.4918 | Time: 7.08s | LR: 5.00e-02
Epoch  43 | Train Loss: 0.9258 | Val Loss: 0.8895 | Val Acc: 0.4890 | Time: 7.01s | LR: 5.00e-02
Epoch  44 | Train Loss: 0.9208 | Val Loss: 0.8961 | Val Acc: 0.4899 | Time: 7.28s | LR: 5.00e-02
Epoch  45 | Train Loss: 0.9179 | Val Loss: 0.9071 | Val Acc: 0.4883 | Time: 7.21s | LR: 5.00e-02
Epoch  46 | Train Loss: 0.9121 | Val Loss: 0.9306 | Val Acc: 0.4702 | Time: 7.27s | LR: 5.00e-02
Epoch  47 | Train Loss: 0.9132 | Val Loss: 0.8848 | Val Acc: 0.4893 | Time: 7.25s | LR: 5.00e-02
Epoch  48 | Train Loss: 0.9127 | Val Loss: 0.8886 | Val Acc: 0.4861 | Time: 7.21s | LR: 5.00e-02
Epoch  49 | Train Loss: 0.9100 | Val Loss: 0.9007 | Val Acc: 0.4879 | Time: 7.43s | LR: 5.00e-02
Epoch  50 | Train Loss: 0.9040 | Val Loss: 0.9127 | Val Acc: 0.4669 | Time: 7.51s | LR: 5.00e-02
Epoch  51 | Train Loss: 0.9090 | Val Loss: 0.9805 | Val Acc: 0.4867 | Time: 7.43s | LR: 5.00e-02
Epoch  52 | Train Loss: 0.9054 | Val Loss: 0.9250 | Val Acc: 0.4901 | Time: 7.59s | LR: 5.00e-02
Epoch  53 | Train Loss: 0.9035 | Val Loss: 0.9156 | Val Acc: 0.4755 | Time: 7.94s | LR: 5.00e-02
Epoch  54 | Train Loss: 0.8854 | Val Loss: 0.8911 | Val Acc: 0.4866 | Time: 8.35s | LR: 2.50e-02
Epoch  55 | Train Loss: 0.8847 | Val Loss: 0.8735 | Val Acc: 0.4877 | Time: 7.70s | LR: 2.50e-02
Epoch  56 | Train Loss: 0.8827 | Val Loss: 0.8776 | Val Acc: 0.4909 | Time: 8.00s | LR: 2.50e-02
Epoch  57 | Train Loss: 0.8764 | Val Loss: 0.8595 | Val Acc: 0.4922 | Time: 8.11s | LR: 2.50e-02
Epoch  58 | Train Loss: 0.8798 | Val Loss: 0.8830 | Val Acc: 0.4927 | Time: 8.45s | LR: 2.50e-02
Epoch  59 | Train Loss: 0.8788 | Val Loss: 0.8632 | Val Acc: 0.4926 | Time: 8.42s | LR: 2.50e-02
Epoch  60 | Train Loss: 0.8747 | Val Loss: 0.8837 | Val Acc: 0.4915 | Time: 8.58s | LR: 2.50e-02
Epoch  61 | Train Loss: 0.8750 | Val Loss: 0.8608 | Val Acc: 0.4906 | Time: 8.39s | LR: 2.50e-02
Epoch  62 | Train Loss: 0.8761 | Val Loss: 0.8632 | Val Acc: 0.4925 | Time: 8.31s | LR: 2.50e-02
Epoch  63 | Train Loss: 0.8693 | Val Loss: 0.9020 | Val Acc: 0.4896 | Time: 8.49s | LR: 2.50e-02
Epoch  64 | Train Loss: 0.8628 | Val Loss: 0.8595 | Val Acc: 0.4886 | Time: 8.54s | LR: 1.25e-02
Epoch  65 | Train Loss: 0.8637 | Val Loss: 0.8566 | Val Acc: 0.4881 | Time: 8.56s | LR: 1.25e-02
Epoch  66 | Train Loss: 0.8611 | Val Loss: 0.8653 | Val Acc: 0.4897 | Time: 8.66s | LR: 1.25e-02
Epoch  67 | Train Loss: 0.8596 | Val Loss: 0.8720 | Val Acc: 0.4888 | Time: 9.10s | LR: 1.25e-02
Epoch  68 | Train Loss: 0.8572 | Val Loss: 0.8570 | Val Acc: 0.4903 | Time: 8.66s | LR: 1.25e-02
Epoch  69 | Train Loss: 0.8540 | Val Loss: 0.8474 | Val Acc: 0.4907 | Time: 9.00s | LR: 1.25e-02
Epoch  70 | Train Loss: 0.8525 | Val Loss: 0.9045 | Val Acc: 0.4908 | Time: 9.06s | LR: 1.25e-02
Epoch  71 | Train Loss: 0.8522 | Val Loss: 0.8607 | Val Acc: 0.4930 | Time: 9.27s | LR: 1.25e-02
Epoch  72 | Train Loss: 0.8501 | Val Loss: 0.8411 | Val Acc: 0.4937 | Time: 10.02s | LR: 1.25e-02
Epoch  73 | Train Loss: 0.8488 | Val Loss: 0.8551 | Val Acc: 0.4938 | Time: 9.97s | LR: 1.25e-02
Epoch  74 | Train Loss: 0.8475 | Val Loss: 0.8876 | Val Acc: 0.4920 | Time: 9.50s | LR: 1.25e-02
Epoch  75 | Train Loss: 0.8466 | Val Loss: 0.8490 | Val Acc: 0.4896 | Time: 10.00s | LR: 1.25e-02
Epoch  76 | Train Loss: 0.8452 | Val Loss: 0.8541 | Val Acc: 0.4955 | Time: 12.33s | LR: 1.25e-02
Epoch  77 | Train Loss: 0.8438 | Val Loss: 0.8688 | Val Acc: 0.4955 | Time: 13.79s | LR: 1.25e-02
Epoch  78 | Train Loss: 0.8437 | Val Loss: 0.8701 | Val Acc: 0.4934 | Time: 11.49s | LR: 1.25e-02
Epoch  79 | Train Loss: 0.8401 | Val Loss: 0.8665 | Val Acc: 0.4937 | Time: 13.17s | LR: 6.25e-03
Epoch  80 | Train Loss: 0.8392 | Val Loss: 0.8559 | Val Acc: 0.4931 | Time: 11.48s | LR: 6.25e-03
Epoch  81 | Train Loss: 0.8381 | Val Loss: 0.8392 | Val Acc: 0.4979 | Time: 12.20s | LR: 6.25e-03
Epoch  82 | Train Loss: 0.8369 | Val Loss: 0.8483 | Val Acc: 0.4910 | Time: 11.49s | LR: 6.25e-03
Epoch  83 | Train Loss: 0.8338 | Val Loss: 0.8344 | Val Acc: 0.4950 | Time: 11.63s | LR: 6.25e-03
Epoch  84 | Train Loss: 0.8367 | Val Loss: 0.8893 | Val Acc: 0.4865 | Time: 11.68s | LR: 6.25e-03
Epoch  85 | Train Loss: 0.8380 | Val Loss: 0.8783 | Val Acc: 0.4906 | Time: 11.50s | LR: 6.25e-03
Epoch  86 | Train Loss: 0.8349 | Val Loss: 0.8673 | Val Acc: 0.4931 | Time: 11.80s | LR: 6.25e-03
Epoch  87 | Train Loss: 0.8352 | Val Loss: 0.8840 | Val Acc: 0.4915 | Time: 11.58s | LR: 6.25e-03
Epoch  88 | Train Loss: 0.8340 | Val Loss: 0.8433 | Val Acc: 0.4952 | Time: 12.13s | LR: 6.25e-03
Epoch  89 | Train Loss: 0.8320 | Val Loss: 0.8462 | Val Acc: 0.4917 | Time: 12.69s | LR: 6.25e-03
Epoch  90 | Train Loss: 0.8289 | Val Loss: 0.8716 | Val Acc: 0.4920 | Time: 14.67s | LR: 3.13e-03
Epoch  91 | Train Loss: 0.8290 | Val Loss: 0.8637 | Val Acc: 0.4898 | Time: 13.15s | LR: 3.13e-03
Epoch  92 | Train Loss: 0.8279 | Val Loss: 0.8406 | Val Acc: 0.4945 | Time: 12.89s | LR: 3.13e-03
Epoch  93 | Train Loss: 0.8236 | Val Loss: 0.8713 | Val Acc: 0.4952 | Time: 13.30s | LR: 3.13e-03
Epoch  94 | Train Loss: 0.8254 | Val Loss: 0.8861 | Val Acc: 0.4912 | Time: 13.25s | LR: 3.13e-03
Epoch  95 | Train Loss: 0.8248 | Val Loss: 0.8847 | Val Acc: 0.4962 | Time: 13.51s | LR: 3.13e-03
Epoch  96 | Train Loss: 0.8258 | Val Loss: 0.8572 | Val Acc: 0.4921 | Time: 13.30s | LR: 1.56e-03
