
======================================================================
Generalization Experiment: Task 8 - RPN
======================================================================
Description: Reverse Polish Notation
nchar: 4
Train nmax: 20
Test nmax values: [2, 3, 4, 5, 6, 7, 8, 9, 10, 11, 12, 13, 14, 15, 16, 17, 18, 19, 20, 21, 22, 23, 24, 25, 26, 27, 28, 29, 30, 31, 32, 33, 34, 35, 36, 37, 38, 39, 40, 41, 42, 43, 44, 45, 46, 47, 48, 49, 50, 51, 52, 53, 54, 55, 56, 57, 58, 59]
======================================================================

Training on sequences up to length 20...

======================================================================
Starting training: Task 8
======================================================================

  [Curriculum] Epoch 0: nmax = 3
Epoch   0 |  Train loss = 0.6336 | Val loss = 0.7293 | Val acc = 0.0650 | Time: 23.15s | LR: 1.00e-01
  [Curriculum] Epoch 1: nmax = 4
Epoch   1 |  Train loss = 0.5422 | Val loss = 0.7507 | Val acc = 0.0200 | Time: 27.15s | LR: 1.00e-01
  [Curriculum] Epoch 2: nmax = 5
Epoch   2 |  Train loss = 0.5693 | Val loss = 0.6079 | Val acc = 0.0100 | Time: 31.32s | LR: 1.00e-01
  [Curriculum] Epoch 3: nmax = 6
Epoch   3 |  Train loss = 0.5362 | Val loss = 0.5473 | Val acc = 0.0000 | Time: 34.80s | LR: 1.00e-01
  [Curriculum] Epoch 4: nmax = 7
Epoch   4 |  Train loss = 0.5104 | Val loss = 0.4851 | Val acc = 0.0000 | Time: 38.02s | LR: 1.00e-01
  [Curriculum] Epoch 5: nmax = 8
Epoch   5 |  Train loss = 0.5095 | Val loss = 0.4495 | Val acc = 0.0000 | Time: 41.70s | LR: 1.00e-01
  [Curriculum] Epoch 6: nmax = 9
Epoch   6 |  Train loss = 0.4720 | Val loss = 0.3673 | Val acc = 0.0000 | Time: 47.77s | LR: 1.00e-01
  [Curriculum] Epoch 7: nmax = 10
Epoch   7 |  Train loss = 0.4493 | Val loss = 0.3739 | Val acc = 0.0000 | Time: 56.84s | LR: 1.00e-01
  [Curriculum] Epoch 8: nmax = 11
Epoch   8 |  Train loss = 0.4341 | Val loss = 0.3751 | Val acc = 0.0700 | Time: 59.11s | LR: 1.00e-01
  [Curriculum] Epoch 9: nmax = 12
Epoch   9 |  Train loss = 0.4066 | Val loss = 0.3633 | Val acc = 0.0450 | Time: 65.34s | LR: 1.00e-01
  [Curriculum] Epoch 10: nmax = 13
Epoch  10 |  Train loss = 0.3947 | Val loss = 0.4137 | Val acc = 0.0200 | Time: 70.43s | LR: 1.00e-01
  [Curriculum] Epoch 11: nmax = 14
Epoch  11 |  Train loss = 0.3799 | Val loss = 0.3534 | Val acc = 0.1050 | Time: 73.34s | LR: 1.00e-01
  [Curriculum] Epoch 12: nmax = 15
Epoch  12 |  Train loss = 0.3547 | Val loss = 0.3318 | Val acc = 0.0750 | Time: 79.20s | LR: 1.00e-01
  [Curriculum] Epoch 13: nmax = 16
Epoch  13 |  Train loss = 0.3357 | Val loss = 0.3170 | Val acc = 0.0050 | Time: 87.30s | LR: 1.00e-01
  [Curriculum] Epoch 14: nmax = 17
Epoch  14 |  Train loss = 0.3222 | Val loss = 0.3145 | Val acc = 0.0050 | Time: 89.58s | LR: 1.00e-01
Epoch  15 |  Train loss = 0.3037 | Val loss = 0.3169 | Val acc = 0.0000 | Time: 95.41s | LR: 1.00e-01
  → LR decayed to 5.00e-02
  → Restored best model from epoch 14
Epoch  16 |  Train loss = 0.3129 | Val loss = 0.3073 | Val acc = 0.0000 | Time: 99.25s | LR: 5.00e-02
Epoch  17 |  Train loss = 0.3005 | Val loss = 0.3088 | Val acc = 0.0000 | Time: 92.37s | LR: 5.00e-02
  → LR decayed to 2.50e-02
  → Restored best model from epoch 16
Epoch  18 |  Train loss = 0.2967 | Val loss = 0.2957 | Val acc = 0.0000 | Time: 92.55s | LR: 2.50e-02
Epoch  19 |  Train loss = 0.2975 | Val loss = 0.2924 | Val acc = 0.0000 | Time: 88.19s | LR: 2.50e-02
Epoch  20 |  Train loss = 0.2951 | Val loss = 0.2906 | Val acc = 0.0000 | Time: 90.55s | LR: 2.50e-02
Epoch  21 |  Train loss = 0.2920 | Val loss = 0.2892 | Val acc = 0.0350 | Time: 88.00s | LR: 2.50e-02
Epoch  22 |  Train loss = 0.2888 | Val loss = 0.2953 | Val acc = 0.0600 | Time: 87.25s | LR: 2.50e-02
  → LR decayed to 1.25e-02
  → Restored best model from epoch 21
Epoch  23 |  Train loss = 0.2833 | Val loss = 0.3062 | Val acc = 0.0150 | Time: 86.02s | LR: 1.25e-02
  → LR decayed to 6.25e-03
  → Restored best model from epoch 21
Epoch  24 |  Train loss = 0.2880 | Val loss = 0.2922 | Val acc = 0.0250 | Time: 85.79s | LR: 6.25e-03
  → LR decayed to 3.13e-03
  → Restored best model from epoch 21
Epoch  25 |  Train loss = 0.2845 | Val loss = 0.2903 | Val acc = 0.0350 | Time: 86.15s | LR: 3.13e-03
  → LR decayed to 1.56e-03
  → Restored best model from epoch 21
Epoch  26 |  Train loss = 0.2833 | Val loss = 0.2902 | Val acc = 0.0250 | Time: 86.95s | LR: 1.56e-03
  → LR decayed to 7.81e-04
  → Restored best model from epoch 21
Epoch  27 |  Train loss = 0.2828 | Val loss = 0.2884 | Val acc = 0.0250 | Time: 86.12s | LR: 7.81e-04
Epoch  28 |  Train loss = 0.2826 | Val loss = 0.2888 | Val acc = 0.0200 | Time: 85.85s | LR: 7.81e-04
  → LR decayed to 3.91e-04
  → Restored best model from epoch 27
Epoch  29 |  Train loss = 0.2826 | Val loss = 0.2872 | Val acc = 0.0150 | Time: 86.09s | LR: 3.91e-04
Epoch  30 |  Train loss = 0.2827 | Val loss = 0.2873 | Val acc = 0.0150 | Time: 85.96s | LR: 3.91e-04
  → LR decayed to 1.95e-04
  → Restored best model from epoch 29
Epoch  31 |  Train loss = 0.2828 | Val loss = 0.2868 | Val acc = 0.0100 | Time: 86.01s | LR: 1.95e-04
Epoch  32 |  Train loss = 0.2829 | Val loss = 0.2869 | Val acc = 0.0150 | Time: 87.95s | LR: 1.95e-04
  → LR decayed to 9.77e-05
  → Restored best model from epoch 31
Epoch  33 |  Train loss = 0.2830 | Val loss = 0.2867 | Val acc = 0.0100 | Time: 88.33s | LR: 9.77e-05
Epoch  34 |  Train loss = 0.2830 | Val loss = 0.2867 | Val acc = 0.0100 | Time: 85.97s | LR: 9.77e-05
  → LR decayed to 4.88e-05
  → Restored best model from epoch 33
Epoch  35 |  Train loss = 0.2830 | Val loss = 0.2867 | Val acc = 0.0100 | Time: 85.83s | LR: 4.88e-05
Epoch  36 |  Train loss = 0.2830 | Val loss = 0.2867 | Val acc = 0.0100 | Time: 86.08s | LR: 4.88e-05
Epoch  37 |  Train loss = 0.2830 | Val loss = 0.2867 | Val acc = 0.0100 | Time: 85.89s | LR: 4.88e-05
Epoch  38 |  Train loss = 0.2830 | Val loss = 0.2867 | Val acc = 0.0100 | Time: 86.13s | LR: 4.88e-05
Epoch  39 |  Train loss = 0.2830 | Val loss = 0.2867 | Val acc = 0.0100 | Time: 87.91s | LR: 4.88e-05
Epoch  40 |  Train loss = 0.2829 | Val loss = 0.2867 | Val acc = 0.0100 | Time: 86.34s | LR: 4.88e-05
Epoch  41 |  Train loss = 0.2829 | Val loss = 0.2867 | Val acc = 0.0100 | Time: 85.83s | LR: 4.88e-05
Epoch  42 |  Train loss = 0.2829 | Val loss = 0.2866 | Val acc = 0.0100 | Time: 85.74s | LR: 4.88e-05
Epoch  43 |  Train loss = 0.2829 | Val loss = 0.2866 | Val acc = 0.0100 | Time: 85.99s | LR: 4.88e-05
Epoch  44 |  Train loss = 0.2829 | Val loss = 0.2866 | Val acc = 0.0100 | Time: 85.50s | LR: 4.88e-05
Epoch  45 |  Train loss = 0.2829 | Val loss = 0.2866 | Val acc = 0.0100 | Time: 86.43s | LR: 4.88e-05
Epoch  46 |  Train loss = 0.2829 | Val loss = 0.2866 | Val acc = 0.0100 | Time: 87.25s | LR: 4.88e-05
Epoch  47 |  Train loss = 0.2829 | Val loss = 0.2866 | Val acc = 0.0100 | Time: 91.10s | LR: 4.88e-05
Epoch  48 |  Train loss = 0.2829 | Val loss = 0.2866 | Val acc = 0.0100 | Time: 88.28s | LR: 4.88e-05
  → LR decayed to 2.44e-05
  → Restored best model from epoch 47
Epoch  49 |  Train loss = 0.2829 | Val loss = 0.2867 | Val acc = 0.0100 | Time: 88.42s | LR: 2.44e-05
  → LR decayed to 1.22e-05
  → Restored best model from epoch 47
Epoch  50 |  Train loss = 0.2829 | Val loss = 0.2866 | Val acc = 0.0100 | Time: 86.21s | LR: 1.22e-05
Epoch  51 |  Train loss = 0.2829 | Val loss = 0.2866 | Val acc = 0.0100 | Time: 85.83s | LR: 1.22e-05
Epoch  52 |  Train loss = 0.2828 | Val loss = 0.2866 | Val acc = 0.0100 | Time: 85.76s | LR: 1.22e-05
Epoch  53 |  Train loss = 0.2828 | Val loss = 0.2865 | Val acc = 0.0100 | Time: 85.91s | LR: 1.22e-05
Epoch  54 |  Train loss = 0.2827 | Val loss = 0.2865 | Val acc = 0.0100 | Time: 86.48s | LR: 1.22e-05
Epoch  55 |  Train loss = 0.2827 | Val loss = 0.2865 | Val acc = 0.0100 | Time: 91.20s | LR: 1.22e-05
Epoch  56 |  Train loss = 0.2827 | Val loss = 0.2864 | Val acc = 0.0100 | Time: 91.59s | LR: 1.22e-05
Epoch  57 |  Train loss = 0.2826 | Val loss = 0.2864 | Val acc = 0.0100 | Time: 87.50s | LR: 1.22e-05
Epoch  58 |  Train loss = 0.2826 | Val loss = 0.2864 | Val acc = 0.0100 | Time: 87.93s | LR: 1.22e-05
Epoch  59 |  Train loss = 0.2826 | Val loss = 0.2863 | Val acc = 0.0100 | Time: 88.47s | LR: 1.22e-05
Epoch  60 |  Train loss = 0.2825 | Val loss = 0.2863 | Val acc = 0.0100 | Time: 87.26s | LR: 1.22e-05
Epoch  61 |  Train loss = 0.2825 | Val loss = 0.2863 | Val acc = 0.0100 | Time: 87.87s | LR: 1.22e-05
Epoch  62 |  Train loss = 0.2824 | Val loss = 0.2863 | Val acc = 0.0100 | Time: 86.89s | LR: 1.22e-05
Epoch  63 |  Train loss = 0.2824 | Val loss = 0.2862 | Val acc = 0.0100 | Time: 89.78s | LR: 1.22e-05
Epoch  64 |  Train loss = 0.2824 | Val loss = 0.2862 | Val acc = 0.0100 | Time: 87.57s | LR: 1.22e-05
Epoch  65 |  Train loss = 0.2823 | Val loss = 0.2862 | Val acc = 0.0100 | Time: 86.67s | LR: 1.22e-05
Epoch  66 |  Train loss = 0.2823 | Val loss = 0.2861 | Val acc = 0.0100 | Time: 87.34s | LR: 1.22e-05
Epoch  67 |  Train loss = 0.2823 | Val loss = 0.2861 | Val acc = 0.0100 | Time: 86.99s | LR: 1.22e-05
Epoch  68 |  Train loss = 0.2822 | Val loss = 0.2861 | Val acc = 0.0100 | Time: 87.58s | LR: 1.22e-05
Epoch  69 |  Train loss = 0.2822 | Val loss = 0.2860 | Val acc = 0.0100 | Time: 89.34s | LR: 1.22e-05
Epoch  70 |  Train loss = 0.2822 | Val loss = 0.2860 | Val acc = 0.0100 | Time: 88.62s | LR: 1.22e-05
Epoch  71 |  Train loss = 0.2821 | Val loss = 0.2860 | Val acc = 0.0100 | Time: 87.78s | LR: 1.22e-05
Epoch  72 |  Train loss = 0.2821 | Val loss = 0.2860 | Val acc = 0.0100 | Time: 88.44s | LR: 1.22e-05
Epoch  73 |  Train loss = 0.2821 | Val loss = 0.2859 | Val acc = 0.0100 | Time: 88.53s | LR: 1.22e-05
Epoch  74 |  Train loss = 0.2820 | Val loss = 0.2859 | Val acc = 0.0100 | Time: 88.63s | LR: 1.22e-05
Epoch  75 |  Train loss = 0.2820 | Val loss = 0.2859 | Val acc = 0.0100 | Time: 89.82s | LR: 1.22e-05
