
======================================================================
Generalization Experiment: Task 9 - Parentheses
======================================================================
Description: Balanced parentheses classification
nchar: 4
Train nmax: 20
Test nmax values: [2, 3, 4, 5, 6, 7, 8, 9, 10, 11, 12, 13, 14, 15, 16, 17, 18, 19, 20, 21, 22, 23, 24, 25, 26, 27, 28, 29, 30, 31, 32, 33, 34, 35, 36, 37, 38, 39, 40, 41, 42, 43, 44, 45, 46, 47, 48, 49, 50, 51, 52, 53, 54, 55, 56, 57, 58, 59]
======================================================================

Training on sequences up to length 20...

======================================================================
Starting training: Task 9
======================================================================

  [Curriculum] Epoch 0: nmax = 3
Epoch   0 |  Train loss = 1.0832 | Val loss = 1.4762 | Val acc = 0.2350 | Time: 9.61s | LR: 1.00e-01
  [Curriculum] Epoch 1: nmax = 4
Epoch   1 |  Train loss = 1.0568 | Val loss = 1.3129 | Val acc = 0.2350 | Time: 9.79s | LR: 1.00e-01
  [Curriculum] Epoch 2: nmax = 5
Epoch   2 |  Train loss = 1.0802 | Val loss = 1.2965 | Val acc = 0.2350 | Time: 10.35s | LR: 1.00e-01
  [Curriculum] Epoch 3: nmax = 6
Epoch   3 |  Train loss = 1.0933 | Val loss = 1.2145 | Val acc = 0.2300 | Time: 11.28s | LR: 1.00e-01
  [Curriculum] Epoch 4: nmax = 7
Epoch   4 |  Train loss = 1.1156 | Val loss = 1.2393 | Val acc = 0.1000 | Time: 12.29s | LR: 1.00e-01
  [Curriculum] Epoch 5: nmax = 8
Epoch   5 |  Train loss = 1.1274 | Val loss = 1.2229 | Val acc = 0.2350 | Time: 13.22s | LR: 1.00e-01
  [Curriculum] Epoch 6: nmax = 9
Epoch   6 |  Train loss = 1.1330 | Val loss = 1.1706 | Val acc = 0.1200 | Time: 13.89s | LR: 1.00e-01
  [Curriculum] Epoch 7: nmax = 10
